<?xml version="1.0" encoding="UTF-8"?>
<!-- Generated by org.testng.reporters.JUnitReportReporter -->
<testsuite hostname="LTIN144522" failures="0" tests="4" name="testCases.TestCase" time="49.152" errors="0" timestamp="2023-06-19T17:30:31 IST" skipped="0">
  <testcase classname="testCases.TestCase" name="testOne" time="3.654"/>
  <system-out/>
  <testcase classname="testCases.TestCase" name="testTwo" time="24.004"/>
  <system-out/>
  <testcase classname="testCases.TestCase" name="testThree" time="0.679"/>
  <system-out/>
  <testcase classname="testCases.TestCase" name="testFour" time="20.815"/>
  <system-out/>
</testsuite> <!-- testCases.TestCase -->
